Reading netlist file: "/home/nooradintirhi/Documents/FPGA/RGB_LED/impl/gwsynthesis/RGB_LED.vg"
Parsing netlist file "/home/nooradintirhi/Documents/FPGA/RGB_LED/impl/gwsynthesis/RGB_LED.vg" completed
Processing netlist completed
Reading constraint file: "/home/nooradintirhi/Documents/FPGA/RGB_LED/src/RGB_LED.cst"
Physical Constraint parsed completed
Running placement......
[10%] Placement Phase 0 completed
[20%] Placement Phase 1 completed
[30%] Placement Phase 2 completed
[50%] Placement Phase 3 completed
Running routing......
[60%] Routing Phase 0 completed
[70%] Routing Phase 1 completed
[80%] Routing Phase 2 completed
[90%] Routing Phase 3 completed
Running timing analysis......
[95%] Timing analysis completed
Placement and routing completed
Bitstream generation in progress......
Bitstream generation completed
Running power analysis......
[100%] Power analysis completed
Generate file "/home/nooradintirhi/Documents/FPGA/RGB_LED/impl/pnr/RGB_LED.power.html" completed
Generate file "/home/nooradintirhi/Documents/FPGA/RGB_LED/impl/pnr/RGB_LED.pin.html" completed
Generate file "/home/nooradintirhi/Documents/FPGA/RGB_LED/impl/pnr/RGB_LED.rpt.html" completed
Generate file "/home/nooradintirhi/Documents/FPGA/RGB_LED/impl/pnr/RGB_LED.rpt.txt" completed
Generate file "/home/nooradintirhi/Documents/FPGA/RGB_LED/impl/pnr/RGB_LED.tr.html" completed
Sat Aug  5 14:19:40 2023

