GowinSynthesis start
Running parser ...
Analyzing Verilog file '/home/nooradintirhi/Documents/FPGA/RGB_LED/src/top.v'
Compiling module 'test_module'("/home/nooradintirhi/Documents/FPGA/RGB_LED/src/top.v":1)
WARN  (EX3791) : Expression size 11 truncated to fit in target size 10("/home/nooradintirhi/Documents/FPGA/RGB_LED/src/top.v":28)
WARN  (EX3791) : Expression size 17 truncated to fit in target size 16("/home/nooradintirhi/Documents/FPGA/RGB_LED/src/top.v":29)
WARN  (EX3791) : Expression size 17 truncated to fit in target size 16("/home/nooradintirhi/Documents/FPGA/RGB_LED/src/top.v":46)
WARN  (EX3791) : Expression size 32 truncated to fit in target size 16("/home/nooradintirhi/Documents/FPGA/RGB_LED/src/top.v":49)
WARN  (EX3791) : Expression size 17 truncated to fit in target size 16("/home/nooradintirhi/Documents/FPGA/RGB_LED/src/top.v":53)
WARN  (EX3791) : Expression size 32 truncated to fit in target size 16("/home/nooradintirhi/Documents/FPGA/RGB_LED/src/top.v":56)
WARN  (EX3791) : Expression size 17 truncated to fit in target size 16("/home/nooradintirhi/Documents/FPGA/RGB_LED/src/top.v":60)
WARN  (EX3791) : Expression size 32 truncated to fit in target size 16("/home/nooradintirhi/Documents/FPGA/RGB_LED/src/top.v":63)
NOTE  (EX0101) : Current top module is "test_module"
[5%] Running netlist conversion ...
Running device independent optimization ...
[10%] Optimizing Phase 0 completed
[15%] Optimizing Phase 1 completed
[25%] Optimizing Phase 2 completed
Running inference ...
[30%] Inferring Phase 0 completed
[40%] Inferring Phase 1 completed
[50%] Inferring Phase 2 completed
[55%] Inferring Phase 3 completed
Running technical mapping ...
[60%] Tech-Mapping Phase 0 completed
[65%] Tech-Mapping Phase 1 completed
[75%] Tech-Mapping Phase 2 completed
[80%] Tech-Mapping Phase 3 completed
[90%] Tech-Mapping Phase 4 completed
[95%] Generate netlist file "/home/nooradintirhi/Documents/FPGA/RGB_LED/impl/gwsynthesis/RGB_LED.vg" completed
[100%] Generate report file "/home/nooradintirhi/Documents/FPGA/RGB_LED/impl/gwsynthesis/RGB_LED_syn.rpt.html" completed
GowinSynthesis finish
